2026-01-08 11:37:30 - INFO  - c.h.s.SentimentApiApplication - Starting SentimentApiApplication using Java 21.0.2 with PID 10168 (C:\Users\patri\Desktop\sentimentOne\sentimentAPI\target\classes started by Patricia in C:\Users\patri\Desktop\sentimentOne\sentimentAPI)
2026-01-08 11:37:30 - DEBUG - c.h.s.SentimentApiApplication - Running with Spring Boot v3.4.1, Spring v6.2.1
2026-01-08 11:37:30 - INFO  - c.h.s.SentimentApiApplication - The following 1 profile is active: "dev"
2026-01-08 11:37:34 - INFO  - o.s.d.r.c.RepositoryConfigurationDelegate - Bootstrapping Spring Data JPA repositories in DEFAULT mode.
2026-01-08 11:37:34 - INFO  - o.s.d.r.c.RepositoryConfigurationDelegate - Finished Spring Data repository scanning in 129 ms. Found 1 JPA repository interface.
2026-01-08 11:37:35 - INFO  - o.s.b.w.e.tomcat.TomcatWebServer - Tomcat initialized with port 8080 (http)
2026-01-08 11:37:35 - INFO  - o.a.catalina.core.StandardService - Starting service [Tomcat]
2026-01-08 11:37:35 - INFO  - o.a.catalina.core.StandardEngine - Starting Servlet engine: [Apache Tomcat/10.1.34]
2026-01-08 11:37:36 - INFO  - o.a.c.c.C.[Tomcat].[localhost].[/] - Initializing Spring embedded WebApplicationContext
2026-01-08 11:37:36 - INFO  - o.s.b.w.s.c.ServletWebServerApplicationContext - Root WebApplicationContext: initialization completed in 5438 ms
2026-01-08 11:37:36 - DEBUG - o.s.web.filter.CorsFilter - Filter 'corsFilter' configured for use
2026-01-08 11:37:36 - INFO  - o.h.jpa.internal.util.LogHelper - HHH000204: Processing PersistenceUnitInfo [name: default]
2026-01-08 11:37:37 - INFO  - org.hibernate.Version - HHH000412: Hibernate ORM core version 6.6.4.Final
2026-01-08 11:37:37 - INFO  - o.h.c.i.RegionFactoryInitiator - HHH000026: Second-level cache disabled
2026-01-08 11:37:38 - INFO  - o.s.o.j.p.SpringPersistenceUnitInfo - No LoadTimeWeaver setup: ignoring JPA class transformer
2026-01-08 11:37:38 - INFO  - com.zaxxer.hikari.HikariDataSource - HikariPool-1 - Starting...
2026-01-08 11:37:38 - INFO  - com.zaxxer.hikari.pool.HikariPool - HikariPool-1 - Added connection conn0: url=jdbc:h2:mem:testdb user=SA
2026-01-08 11:37:38 - INFO  - com.zaxxer.hikari.HikariDataSource - HikariPool-1 - Start completed.
2026-01-08 11:37:38 - INFO  - o.hibernate.orm.connections.pooling - HHH10001005: Database info:
	Database JDBC URL [Connecting through datasource 'HikariDataSource (HikariPool-1)']
	Database driver: undefined/unknown
	Database version: 2.3.232
	Autocommit mode: undefined/unknown
	Isolation level: undefined/unknown
	Minimum pool size: undefined/unknown
	Maximum pool size: undefined/unknown
2026-01-08 11:37:40 - INFO  - o.h.e.t.j.p.i.JtaPlatformInitiator - HHH000489: No JTA platform available (set 'hibernate.transaction.jta.platform' to enable JTA platform integration)
2026-01-08 11:37:40 - DEBUG - org.hibernate.SQL - 
    drop table if exists tb_sentiments cascade 
2026-01-08 11:37:40 - DEBUG - org.hibernate.SQL - 
    create table tb_sentiments (
        confidence_score float(53) check ((confidence_score>=0) and (confidence_score<=1)),
        analyzed_at timestamp(6),
        id bigint generated by default as identity,
        text_content varchar(5000) not null,
        sentiment_result varchar(255) not null,
        primary key (id)
    )
2026-01-08 11:37:40 - INFO  - o.s.o.j.LocalContainerEntityManagerFactoryBean - Initialized JPA EntityManagerFactory for persistence unit 'default'
2026-01-08 11:37:41 - INFO  - o.s.d.j.r.query.QueryEnhancerFactory - Hibernate is in classpath; If applicable, HQL parser will be used.
2026-01-08 11:37:44 - INFO  - c.h.s.service.SentimentService - Initializing ONNX Runtime...
2026-01-08 11:37:44 - ERROR - c.h.s.service.SentimentService - CRITICAL: ONNX model file NOT found at: C:\Users\patri\Desktop\sentimentOne\sentimentAPI\models\sentiment_model.onnx
2026-01-08 11:37:44 - ERROR - c.h.s.service.SentimentService - The application requires the model file at this specific path to run efficiently.
2026-01-08 11:37:44 - WARN  - o.s.b.a.o.j.JpaBaseConfiguration$JpaWebConfiguration - spring.jpa.open-in-view is enabled by default. Therefore, database queries may be performed during view rendering. Explicitly configure spring.jpa.open-in-view to disable this warning
2026-01-08 11:37:44 - TRACE - o.s.w.s.m.m.a.RequestMappingHandlerMapping - 
	c.h.s.a.c.HealthCheckController:
	{GET [/health]}: healthCheck()
2026-01-08 11:37:44 - TRACE - o.s.w.s.m.m.a.RequestMappingHandlerMapping - 
	c.h.s.a.c.SentimentController:
	{GET [/sentiment/history]}: getHistory()
	{GET [/sentiment/statistics]}: getStatistics()
	{POST [/sentiment/batch], consumes [multipart/form-data]}: analyzeBatchCSV(MultipartFile,String)
	{POST [/sentiment]}: analyzeSentiment(SentimentRequestDTO)
2026-01-08 11:37:44 - TRACE - o.s.w.s.m.m.a.RequestMappingHandlerMapping - 
	o.s.b.a.w.s.e.BasicErrorController:
	{ [/error]}: error(HttpServletRequest)
	{ [/error], produces [text/html]}: errorHtml(HttpServletRequest,HttpServletResponse)
2026-01-08 11:37:44 - TRACE - o.s.w.s.m.m.a.RequestMappingHandlerMapping - 
	o.s.w.a.OpenApiWebMvcResource:
	{GET [/v3/api-docs], produces [application/json]}: openapiJson(HttpServletRequest,String,Locale)
	{GET [/v3/api-docs.yaml], produces [application/vnd.oai.openapi]}: openapiYaml(HttpServletRequest,String,Locale)
2026-01-08 11:37:44 - TRACE - o.s.w.s.m.m.a.RequestMappingHandlerMapping - 
	o.s.w.u.SwaggerWelcomeWebMvc:
	{GET [/swagger-ui.html]}: redirectToUi(HttpServletRequest)
2026-01-08 11:37:44 - TRACE - o.s.w.s.m.m.a.RequestMappingHandlerMapping - 
	o.s.w.u.SwaggerConfigResource:
	{GET [/v3/api-docs/swagger-config], produces [application/json]}: openapiJson(HttpServletRequest)
2026-01-08 11:37:44 - DEBUG - o.s.w.s.m.m.a.RequestMappingHandlerMapping - 11 mappings in 'requestMappingHandlerMapping'
2026-01-08 11:37:45 - DEBUG - o.s.w.s.h.SimpleUrlHandlerMapping - Patterns [/webjars/**, /**, /swagger-ui*/*swagger-initializer.js, /swagger-ui*/**] in 'resourceHandlerMapping'
2026-01-08 11:37:45 - DEBUG - o.s.w.s.m.m.a.RequestMappingHandlerAdapter - ControllerAdvice beans: 0 @ModelAttribute, 0 @InitBinder, 1 RequestBodyAdvice, 1 ResponseBodyAdvice
2026-01-08 11:37:45 - DEBUG - o.s.w.s.m.m.a.ExceptionHandlerExceptionResolver - ControllerAdvice beans: 2 @ExceptionHandler, 1 ResponseBodyAdvice
2026-01-08 11:37:45 - INFO  - o.s.b.a.h.H2ConsoleAutoConfiguration - H2 console available at '/h2-console'. Database available at 'jdbc:h2:mem:testdb'
2026-01-08 11:37:45 - INFO  - o.s.b.w.e.tomcat.TomcatWebServer - Tomcat started on port 8080 (http) with context path '/'
2026-01-08 11:37:45 - INFO  - c.h.s.SentimentApiApplication - Started SentimentApiApplication in 16.744 seconds (process running for 18.629)
2026-01-08 11:37:45 - WARN  - o.s.c.events.SpringDocAppInitializer - SpringDoc /v3/api-docs endpoint is enabled by default. To disable it in production, set the property 'springdoc.api-docs.enabled=false'
2026-01-08 11:37:45 - WARN  - o.s.c.events.SpringDocAppInitializer - SpringDoc /swagger-ui.html endpoint is enabled by default. To disable it in production, set the property 'springdoc.swagger-ui.enabled=false'
2026-01-08 11:38:07 - DEBUG - o.a.coyote.http11.Http11Processor - Error parsing HTTP request header
java.io.EOFException: null
	at org.apache.tomcat.util.net.NioEndpoint$NioSocketWrapper.fillReadBuffer(NioEndpoint.java:1293)
	at org.apache.tomcat.util.net.NioEndpoint$NioSocketWrapper.read(NioEndpoint.java:1181)
	at org.apache.coyote.http11.Http11InputBuffer.fill(Http11InputBuffer.java:792)
	at org.apache.coyote.http11.Http11InputBuffer.parseRequestLine(Http11InputBuffer.java:348)
	at org.apache.coyote.http11.Http11Processor.service(Http11Processor.java:270)
	at org.apache.coyote.AbstractProcessorLight.process(AbstractProcessorLight.java:63)
	at org.apache.coyote.AbstractProtocol$ConnectionHandler.process(AbstractProtocol.java:905)
	at org.apache.tomcat.util.net.NioEndpoint$SocketProcessor.doRun(NioEndpoint.java:1741)
	at org.apache.tomcat.util.net.SocketProcessorBase.run(SocketProcessorBase.java:52)
	at org.apache.tomcat.util.threads.ThreadPoolExecutor.runWorker(ThreadPoolExecutor.java:1190)
	at org.apache.tomcat.util.threads.ThreadPoolExecutor$Worker.run(ThreadPoolExecutor.java:659)
	at org.apache.tomcat.util.threads.TaskThread$WrappingRunnable.run(TaskThread.java:63)
	at java.base/java.lang.Thread.run(Thread.java:1583)
2026-01-08 11:38:07 - DEBUG - o.a.coyote.http11.Http11Processor - Error state [CLOSE_CONNECTION_NOW] reported while processing request
java.io.EOFException: null
	at org.apache.tomcat.util.net.NioEndpoint$NioSocketWrapper.fillReadBuffer(NioEndpoint.java:1293)
	at org.apache.tomcat.util.net.NioEndpoint$NioSocketWrapper.read(NioEndpoint.java:1181)
	at org.apache.coyote.http11.Http11InputBuffer.fill(Http11InputBuffer.java:792)
	at org.apache.coyote.http11.Http11InputBuffer.parseRequestLine(Http11InputBuffer.java:348)
	at org.apache.coyote.http11.Http11Processor.service(Http11Processor.java:270)
	at org.apache.coyote.AbstractProcessorLight.process(AbstractProcessorLight.java:63)
	at org.apache.coyote.AbstractProtocol$ConnectionHandler.process(AbstractProtocol.java:905)
	at org.apache.tomcat.util.net.NioEndpoint$SocketProcessor.doRun(NioEndpoint.java:1741)
	at org.apache.tomcat.util.net.SocketProcessorBase.run(SocketProcessorBase.java:52)
	at org.apache.tomcat.util.threads.ThreadPoolExecutor.runWorker(ThreadPoolExecutor.java:1190)
	at org.apache.tomcat.util.threads.ThreadPoolExecutor$Worker.run(ThreadPoolExecutor.java:659)
	at org.apache.tomcat.util.threads.TaskThread$WrappingRunnable.run(TaskThread.java:63)
	at java.base/java.lang.Thread.run(Thread.java:1583)
2026-01-08 11:38:08 - INFO  - o.a.c.c.C.[Tomcat].[localhost].[/] - Initializing Spring DispatcherServlet 'dispatcherServlet'
2026-01-08 11:38:08 - INFO  - o.s.web.servlet.DispatcherServlet - Initializing Servlet 'dispatcherServlet'
2026-01-08 11:38:08 - DEBUG - o.s.web.servlet.DispatcherServlet - Detected StandardServletMultipartResolver
2026-01-08 11:38:08 - DEBUG - o.s.web.servlet.DispatcherServlet - Detected AcceptHeaderLocaleResolver
2026-01-08 11:38:08 - DEBUG - o.s.web.servlet.DispatcherServlet - Detected FixedThemeResolver
2026-01-08 11:38:08 - DEBUG - o.s.web.servlet.DispatcherServlet - Detected org.springframework.web.servlet.view.DefaultRequestToViewNameTranslator@4758158f
2026-01-08 11:38:08 - DEBUG - o.s.web.servlet.DispatcherServlet - Detected org.springframework.web.servlet.support.SessionFlashMapManager@2fc8e9b8
2026-01-08 11:38:08 - DEBUG - o.s.web.servlet.DispatcherServlet - enableLoggingRequestDetails='false': request parameters and headers will be masked to prevent unsafe logging of potentially sensitive data
2026-01-08 11:38:08 - INFO  - o.s.web.servlet.DispatcherServlet - Completed initialization in 4 ms
2026-01-08 11:38:08 - DEBUG - o.s.web.servlet.DispatcherServlet - POST "/sentiment", parameters={}
2026-01-08 11:38:08 - TRACE - o.s.w.s.m.m.a.RequestMappingHandlerMapping - Mapped to com.hackaton_one.sentiment_api.api.controller.SentimentController#analyzeSentiment(SentimentRequestDTO)
2026-01-08 11:38:08 - DEBUG - o.s.w.s.m.m.a.RequestResponseBodyMethodProcessor - Read "application/json;charset=UTF-8" to [SentimentRequestDTO[text=null]]
2026-01-08 11:38:08 - DEBUG - o.s.w.s.m.m.a.ExceptionHandlerExceptionResolver - Using @ExceptionHandler com.hackaton_one.sentiment_api.exceptions.GlobalExceptionHandler#handleValidationException(MethodArgumentNotValidException)
2026-01-08 11:38:08 - INFO  - c.h.s.e.GlobalExceptionHandler - Validation error: O campo 'text' é obrigatório
2026-01-08 11:38:08 - DEBUG - o.s.w.s.m.m.a.HttpEntityMethodProcessor - Using 'application/json', given [*/*] and supported [application/json, application/*+json, application/yaml]
2026-01-08 11:38:08 - DEBUG - o.s.w.s.m.m.a.HttpEntityMethodProcessor - Writing [ApiErrorResponse[status=400, error=Validation Error, message=O campo 'text' é obrigatório, timestamp (truncated)...]
2026-01-08 11:38:08 - DEBUG - o.s.w.s.m.m.a.ExceptionHandlerExceptionResolver - Resolved [org.springframework.web.bind.MethodArgumentNotValidException: Validation failed for argument [0] in public org.springframework.http.ResponseEntity<com.hackaton_one.sentiment_api.api.dto.SentimentResponseDTO> com.hackaton_one.sentiment_api.api.controller.SentimentController.analyzeSentiment(com.hackaton_one.sentiment_api.api.dto.SentimentRequestDTO): [Field error in object 'sentimentRequestDTO' on field 'text': rejected value [null]; codes [NotBlank.sentimentRequestDTO.text,NotBlank.text,NotBlank.java.lang.String,NotBlank]; arguments [org.springframework.context.support.DefaultMessageSourceResolvable: codes [sentimentRequestDTO.text,text]; arguments []; default message [text]]; default message [O campo 'text' é obrigatório]] ]
2026-01-08 11:38:08 - DEBUG - o.s.web.servlet.DispatcherServlet - Completed 400 BAD_REQUEST
2026-01-08 11:38:39 - DEBUG - o.a.coyote.http11.Http11Processor - Error parsing HTTP request header
java.io.EOFException: null
	at org.apache.tomcat.util.net.NioEndpoint$NioSocketWrapper.fillReadBuffer(NioEndpoint.java:1293)
	at org.apache.tomcat.util.net.NioEndpoint$NioSocketWrapper.read(NioEndpoint.java:1181)
	at org.apache.coyote.http11.Http11InputBuffer.fill(Http11InputBuffer.java:792)
	at org.apache.coyote.http11.Http11InputBuffer.parseRequestLine(Http11InputBuffer.java:348)
	at org.apache.coyote.http11.Http11Processor.service(Http11Processor.java:270)
	at org.apache.coyote.AbstractProcessorLight.process(AbstractProcessorLight.java:63)
	at org.apache.coyote.AbstractProtocol$ConnectionHandler.process(AbstractProtocol.java:905)
	at org.apache.tomcat.util.net.NioEndpoint$SocketProcessor.doRun(NioEndpoint.java:1741)
	at org.apache.tomcat.util.net.SocketProcessorBase.run(SocketProcessorBase.java:52)
	at org.apache.tomcat.util.threads.ThreadPoolExecutor.runWorker(ThreadPoolExecutor.java:1190)
	at org.apache.tomcat.util.threads.ThreadPoolExecutor$Worker.run(ThreadPoolExecutor.java:659)
	at org.apache.tomcat.util.threads.TaskThread$WrappingRunnable.run(TaskThread.java:63)
	at java.base/java.lang.Thread.run(Thread.java:1583)
2026-01-08 11:38:39 - DEBUG - o.s.web.servlet.DispatcherServlet - POST "/sentiment", parameters={}
2026-01-08 11:38:39 - DEBUG - o.a.coyote.http11.Http11Processor - Error state [CLOSE_CONNECTION_NOW] reported while processing request
java.io.EOFException: null
	at org.apache.tomcat.util.net.NioEndpoint$NioSocketWrapper.fillReadBuffer(NioEndpoint.java:1293)
	at org.apache.tomcat.util.net.NioEndpoint$NioSocketWrapper.read(NioEndpoint.java:1181)
	at org.apache.coyote.http11.Http11InputBuffer.fill(Http11InputBuffer.java:792)
	at org.apache.coyote.http11.Http11InputBuffer.parseRequestLine(Http11InputBuffer.java:348)
	at org.apache.coyote.http11.Http11Processor.service(Http11Processor.java:270)
	at org.apache.coyote.AbstractProcessorLight.process(AbstractProcessorLight.java:63)
	at org.apache.coyote.AbstractProtocol$ConnectionHandler.process(AbstractProtocol.java:905)
	at org.apache.tomcat.util.net.NioEndpoint$SocketProcessor.doRun(NioEndpoint.java:1741)
	at org.apache.tomcat.util.net.SocketProcessorBase.run(SocketProcessorBase.java:52)
	at org.apache.tomcat.util.threads.ThreadPoolExecutor.runWorker(ThreadPoolExecutor.java:1190)
	at org.apache.tomcat.util.threads.ThreadPoolExecutor$Worker.run(ThreadPoolExecutor.java:659)
	at org.apache.tomcat.util.threads.TaskThread$WrappingRunnable.run(TaskThread.java:63)
	at java.base/java.lang.Thread.run(Thread.java:1583)
2026-01-08 11:38:39 - TRACE - o.s.w.s.m.m.a.RequestMappingHandlerMapping - Mapped to com.hackaton_one.sentiment_api.api.controller.SentimentController#analyzeSentiment(SentimentRequestDTO)
2026-01-08 11:38:39 - DEBUG - o.s.w.s.m.m.a.RequestResponseBodyMethodProcessor - Read "application/json;charset=UTF-8" to [SentimentRequestDTO[text=Eu amei o resultado do hackathon, foi excelente!]]
2026-01-08 11:38:39 - DEBUG - o.s.w.s.m.m.a.ExceptionHandlerExceptionResolver - Using @ExceptionHandler com.hackaton_one.sentiment_api.exceptions.GlobalExceptionHandler#handleGenericException(Exception)
2026-01-08 11:38:39 - ERROR - c.h.s.e.GlobalExceptionHandler - Unexpected error occurred: Cannot invoke "ai.onnxruntime.OrtSession.getInputNames()" because "this.session" is null
java.lang.NullPointerException: Cannot invoke "ai.onnxruntime.OrtSession.getInputNames()" because "this.session" is null
	at com.hackaton_one.sentiment_api.service.SentimentService.analyze(SentimentService.java:130)
	at com.hackaton_one.sentiment_api.service.SentimentService.analyzeAndSave(SentimentService.java:188)
	at com.hackaton_one.sentiment_api.api.controller.SentimentController.analyzeSentiment(SentimentController.java:50)
	at java.base/jdk.internal.reflect.DirectMethodHandleAccessor.invoke(DirectMethodHandleAccessor.java:103)
	at java.base/java.lang.reflect.Method.invoke(Method.java:580)
	at org.springframework.web.method.support.InvocableHandlerMethod.doInvoke(InvocableHandlerMethod.java:257)
	at org.springframework.web.method.support.InvocableHandlerMethod.invokeForRequest(InvocableHandlerMethod.java:190)
	at org.springframework.web.servlet.mvc.method.annotation.ServletInvocableHandlerMethod.invokeAndHandle(ServletInvocableHandlerMethod.java:118)
	at org.springframework.web.servlet.mvc.method.annotation.RequestMappingHandlerAdapter.invokeHandlerMethod(RequestMappingHandlerAdapter.java:986)
	at org.springframework.web.servlet.mvc.method.annotation.RequestMappingHandlerAdapter.handleInternal(RequestMappingHandlerAdapter.java:891)
	at org.springframework.web.servlet.mvc.method.AbstractHandlerMethodAdapter.handle(AbstractHandlerMethodAdapter.java:87)
	at org.springframework.web.servlet.DispatcherServlet.doDispatch(DispatcherServlet.java:1088)
	at org.springframework.web.servlet.DispatcherServlet.doService(DispatcherServlet.java:978)
	at org.springframework.web.servlet.FrameworkServlet.processRequest(FrameworkServlet.java:1014)
	at org.springframework.web.servlet.FrameworkServlet.doPost(FrameworkServlet.java:914)
	at jakarta.servlet.http.HttpServlet.service(HttpServlet.java:590)
	at org.springframework.web.servlet.FrameworkServlet.service(FrameworkServlet.java:885)
	at jakarta.servlet.http.HttpServlet.service(HttpServlet.java:658)
	at org.apache.catalina.core.ApplicationFilterChain.internalDoFilter(ApplicationFilterChain.java:195)
	at org.apache.catalina.core.ApplicationFilterChain.doFilter(ApplicationFilterChain.java:140)
	at org.apache.tomcat.websocket.server.WsFilter.doFilter(WsFilter.java:51)
	at org.apache.catalina.core.ApplicationFilterChain.internalDoFilter(ApplicationFilterChain.java:164)
	at org.apache.catalina.core.ApplicationFilterChain.doFilter(ApplicationFilterChain.java:140)
	at org.springframework.web.filter.CorsFilter.doFilterInternal(CorsFilter.java:91)
	at org.springframework.web.filter.OncePerRequestFilter.doFilter(OncePerRequestFilter.java:116)
	at org.apache.catalina.core.ApplicationFilterChain.internalDoFilter(ApplicationFilterChain.java:164)
	at org.apache.catalina.core.ApplicationFilterChain.doFilter(ApplicationFilterChain.java:140)
	at org.springframework.web.filter.RequestContextFilter.doFilterInternal(RequestContextFilter.java:100)
	at org.springframework.web.filter.OncePerRequestFilter.doFilter(OncePerRequestFilter.java:116)
	at org.apache.catalina.core.ApplicationFilterChain.internalDoFilter(ApplicationFilterChain.java:164)
	at org.apache.catalina.core.ApplicationFilterChain.doFilter(ApplicationFilterChain.java:140)
	at org.springframework.web.filter.FormContentFilter.doFilterInternal(FormContentFilter.java:93)
	at org.springframework.web.filter.OncePerRequestFilter.doFilter(OncePerRequestFilter.java:116)
	at org.apache.catalina.core.ApplicationFilterChain.internalDoFilter(ApplicationFilterChain.java:164)
	at org.apache.catalina.core.ApplicationFilterChain.doFilter(ApplicationFilterChain.java:140)
	at org.springframework.web.filter.CharacterEncodingFilter.doFilterInternal(CharacterEncodingFilter.java:201)
	at org.springframework.web.filter.OncePerRequestFilter.doFilter(OncePerRequestFilter.java:116)
	at org.apache.catalina.core.ApplicationFilterChain.internalDoFilter(ApplicationFilterChain.java:164)
	at org.apache.catalina.core.ApplicationFilterChain.doFilter(ApplicationFilterChain.java:140)
	at org.apache.catalina.core.StandardWrapperValve.invoke(StandardWrapperValve.java:167)
	at org.apache.catalina.core.StandardContextValve.invoke(StandardContextValve.java:90)
	at org.apache.catalina.authenticator.AuthenticatorBase.invoke(AuthenticatorBase.java:483)
	at org.apache.catalina.core.StandardHostValve.invoke(StandardHostValve.java:115)
	at org.apache.catalina.valves.ErrorReportValve.invoke(ErrorReportValve.java:93)
	at org.apache.catalina.core.StandardEngineValve.invoke(StandardEngineValve.java:74)
	at org.apache.catalina.connector.CoyoteAdapter.service(CoyoteAdapter.java:344)
	at org.apache.coyote.http11.Http11Processor.service(Http11Processor.java:397)
	at org.apache.coyote.AbstractProcessorLight.process(AbstractProcessorLight.java:63)
	at org.apache.coyote.AbstractProtocol$ConnectionHandler.process(AbstractProtocol.java:905)
	at org.apache.tomcat.util.net.NioEndpoint$SocketProcessor.doRun(NioEndpoint.java:1741)
	at org.apache.tomcat.util.net.SocketProcessorBase.run(SocketProcessorBase.java:52)
	at org.apache.tomcat.util.threads.ThreadPoolExecutor.runWorker(ThreadPoolExecutor.java:1190)
	at org.apache.tomcat.util.threads.ThreadPoolExecutor$Worker.run(ThreadPoolExecutor.java:659)
	at org.apache.tomcat.util.threads.TaskThread$WrappingRunnable.run(TaskThread.java:63)
	at java.base/java.lang.Thread.run(Thread.java:1583)
2026-01-08 11:38:39 - DEBUG - o.s.w.s.m.m.a.HttpEntityMethodProcessor - Using 'application/json', given [*/*] and supported [application/json, application/*+json, application/yaml]
2026-01-08 11:38:39 - DEBUG - o.s.w.s.m.m.a.HttpEntityMethodProcessor - Writing [ApiErrorResponse[status=500, error=Internal Server Error, message=Cannot invoke "ai.onnxruntime.OrtS (truncated)...]
2026-01-08 11:38:39 - DEBUG - o.s.w.s.m.m.a.ExceptionHandlerExceptionResolver - Resolved [java.lang.NullPointerException: Cannot invoke "ai.onnxruntime.OrtSession.getInputNames()" because "this.session" is null]
2026-01-08 11:38:39 - DEBUG - o.s.web.servlet.DispatcherServlet - Completed 500 INTERNAL_SERVER_ERROR
2026-01-08 12:24:52 - INFO  - o.s.b.w.e.tomcat.GracefulShutdown - Commencing graceful shutdown. Waiting for active requests to complete
2026-01-08 12:24:53 - INFO  - o.s.b.w.e.tomcat.GracefulShutdown - Graceful shutdown complete
2026-01-08 12:24:53 - INFO  - o.s.o.j.LocalContainerEntityManagerFactoryBean - Closing JPA EntityManagerFactory for persistence unit 'default'
2026-01-08 12:24:54 - DEBUG - org.hibernate.SQL - 
    drop table if exists tb_sentiments cascade 
2026-01-08 12:24:54 - INFO  - com.zaxxer.hikari.HikariDataSource - HikariPool-1 - Shutdown initiated...
2026-01-08 12:24:54 - INFO  - com.zaxxer.hikari.HikariDataSource - HikariPool-1 - Shutdown completed.
